## SLURM PROLOG ###############################################################
##    Job ID : 2532892
##  Job Name : contrastive_cct
##  Nodelist : gpu2264
##      CPUs : 
##  Mem/Node : 32768 MB
## Directory : /oscar/data/class/biol1595_2595/students/hgle/final-project-BIOL2595/scripts
##   Job Started : Mon May 11 04:46:21 PM EDT 2026
###############################################################################
Python  : /oscar/data/class/biol1595_2595/students/hgle/ai_heathcare_venv/bin/python
Version : Python 3.9.21

PyTorch  : 2.8.0+cu128
CUDA     : True
GPU      : NVIDIA GeForce RTX 3090

Starting training run : contrastive_cct
Log  : /oscar/data/class/biol1595_2595/students/hgle/final-project-BIOL2595/multimodal_model/logs/contrastive_cct_20260511_164621.log
Error: /oscar/data/class/biol1595_2595/students/hgle/final-project-BIOL2595/multimodal_model/logs/contrastive_cct_20260511_164621.err


Training FAILED (exit code 1)
Check error log: /oscar/data/class/biol1595_2595/students/hgle/final-project-BIOL2595/multimodal_model/logs/contrastive_cct_20260511_164621.err

Last 20 lines of error log:
/oscar/data/class/biol1595_2595/students/hgle/final-project-BIOL2595/multimodal_model/contrastive_cct.py:241: FutureWarning: `torch.cuda.amp.GradScaler(args...)` is deprecated. Please use `torch.amp.GradScaler('cuda', args...)` instead.
  scaler    = torch.cuda.amp.GradScaler()
Epochs:   0%|          | 0/25 [00:00<?, ?it/s]
Epoch 1/25:   0%|          | 0/215 [00:00<?, ?it/s][A/oscar/data/class/biol1595_2595/students/hgle/final-project-BIOL2595/multimodal_model/contrastive_cct.py:462: FutureWarning: `torch.cuda.amp.autocast(args...)` is deprecated. Please use `torch.amp.autocast('cuda', args...)` instead.
  with torch.cuda.amp.autocast():

                                                   [AEpochs:   0%|          | 0/25 [00:05<?, ?it/s]
Traceback (most recent call last):
  File "/oscar/data/class/biol1595_2595/students/hgle/final-project-BIOL2595/multimodal_model/contrastive_cct.py", line 473, in <module>
    metrics = compute_batch_metrics(img_embs, ehr_embs, severities)
  File "/oscar/data/class/biol1595_2595/students/hgle/final-project-BIOL2595/multimodal_model/contrastive_cct.py", line 318, in compute_batch_metrics
    severities.unsqueeze(1)[:, mod_mask])
IndexError: The shape of the mask [16] at index 0 does not match the shape of the indexed tensor [16, 1] at index 1
