/oscar/data/class/biol1595_2595/students/hgle/final-project-BIOL2595/multimodal_model/train.py:309: FutureWarning: `torch.cuda.amp.GradScaler(args...)` is deprecated. Please use `torch.amp.GradScaler('cuda', args...)` instead.
  scaler    = torch.cuda.amp.GradScaler()
Epochs:   0%|          | 0/10 [00:00<?, ?it/s]
Epoch 1/10:   0%|          | 0/215 [00:00<?, ?it/s][A
                                                   [AEpochs:   0%|          | 0/10 [00:00<?, ?it/s]
Traceback (most recent call last):
  File "/oscar/data/class/biol1595_2595/students/hgle/final-project-BIOL2595/multimodal_model/train.py", line 321, in <module>
    for patches, ehr, severities in batch_bar:
  File "/oscar/data/class/biol1595_2595/students/hgle/ai_heathcare_venv/lib64/python3.9/site-packages/tqdm/std.py", line 1181, in __iter__
    for obj in iterable:
  File "/oscar/data/class/biol1595_2595/students/hgle/ai_heathcare_venv/lib64/python3.9/site-packages/torch/utils/data/dataloader.py", line 734, in __next__
    data = self._next_data()
  File "/oscar/data/class/biol1595_2595/students/hgle/ai_heathcare_venv/lib64/python3.9/site-packages/torch/utils/data/dataloader.py", line 1516, in _next_data
    return self._process_data(data, worker_id)
  File "/oscar/data/class/biol1595_2595/students/hgle/ai_heathcare_venv/lib64/python3.9/site-packages/torch/utils/data/dataloader.py", line 1551, in _process_data
    data.reraise()
  File "/oscar/data/class/biol1595_2595/students/hgle/ai_heathcare_venv/lib64/python3.9/site-packages/torch/_utils.py", line 769, in reraise
    raise exception
ValueError: Caught ValueError in DataLoader worker process 0.
Original Traceback (most recent call last):
  File "/oscar/data/class/biol1595_2595/students/hgle/ai_heathcare_venv/lib64/python3.9/site-packages/torch/utils/data/_utils/worker.py", line 349, in _worker_loop
    data = fetcher.fetch(index)  # type: ignore[possibly-undefined]
  File "/oscar/data/class/biol1595_2595/students/hgle/ai_heathcare_venv/lib64/python3.9/site-packages/torch/utils/data/_utils/fetch.py", line 52, in fetch
    data = [self.dataset[idx] for idx in possibly_batched_index]
  File "/oscar/data/class/biol1595_2595/students/hgle/ai_heathcare_venv/lib64/python3.9/site-packages/torch/utils/data/_utils/fetch.py", line 52, in <listcomp>
    data = [self.dataset[idx] for idx in possibly_batched_index]
  File "/oscar/data/class/biol1595_2595/students/hgle/final-project-BIOL2595/multimodal_model/train.py", line 189, in __getitem__
    patches = load_tiff_patches(path)  # [NUM_PATCHES, 3, H, W]
  File "/oscar/data/class/biol1595_2595/students/hgle/final-project-BIOL2595/multimodal_model/train.py", line 138, in load_tiff_patches
    x = np.random.randint(0, H - PATCH_SIZE)
  File "numpy/random/mtrand.pyx", line 798, in numpy.random.mtrand.RandomState.randint
  File "numpy/random/_bounded_integers.pyx", line 1334, in numpy.random._bounded_integers._rand_int64
ValueError: high <= 0

